<?xml version="1.0" encoding="UTF-8"?>
<!-- Generated by org.testng.reporters.JUnitXMLReporter -->
<testsuite ignored="6" hostname="rajhansji" failures="0" tests="8" name="Test-runner-1" time="8.868" errors="0" timestamp="2023-03-27T15:52:08 IST">
  <testcase classname="com.practice.TC_01" name="script1" time="0.005"/>
  <testcase classname="com.practice.TC_01" name="script2" time="0.0"/>
  <testcase classname="com.practice.TC_02" name="script3" time="0.004"/>
  <testcase classname="com.practice.TC_02" name="script4" time="0.003"/>
  <testcase classname="com.practice.TC_03" name="script5" time="0.001"/>
  <testcase classname="com.practice.TC_03" name="script6" time="0.002"/>
  <testcase classname="com.practice.TC_04" name="script7" time="0.001"/>
  <testcase classname="com.practice.TC_04" name="script8" time="0.001"/>
  <testcase classname="com.GenericUtilities.BaseClass" name="@BeforeSuite connectdb" time="0.0">
    <ignored/>
  </testcase> <!-- @BeforeSuite connectdb -->
  <testcase classname="com.GenericUtilities.BaseClass" name="@BeforeSuite connectdb" time="0.0">
    <ignored/>
  </testcase> <!-- @BeforeSuite connectdb -->
  <testcase classname="com.GenericUtilities.BaseClass" name="@BeforeSuite connectdb" time="0.0">
    <ignored/>
  </testcase> <!-- @BeforeSuite connectdb -->
  <testcase classname="com.GenericUtilities.BaseClass" name="@AfterSuite closedb" time="0.0">
    <ignored/>
  </testcase> <!-- @AfterSuite closedb -->
  <testcase classname="com.GenericUtilities.BaseClass" name="@AfterSuite closedb" time="0.0">
    <ignored/>
  </testcase> <!-- @AfterSuite closedb -->
  <testcase classname="com.GenericUtilities.BaseClass" name="@AfterSuite closedb" time="0.0">
    <ignored/>
  </testcase> <!-- @AfterSuite closedb -->
</testsuite> <!-- Test-runner-1 -->
