<?xml version="1.0" encoding="UTF-8"?>
<!-- Generated by org.testng.reporters.JUnitReportReporter -->
<testsuite hostname="rajhansji" failures="0" tests="1" name="view_Active_customer_package.ViewActiveCustomerPom" time="4.042" errors="0" timestamp="2023-03-31T16:10:09 IST" skipped="0">
  <testcase classname="view_Active_customer_package.ViewActiveCustomerPom" name="ViewCustActive" time="4.042"/>
  <system-out>
    <![CDATA[ViewCustActive------>testscript excution started
ViewCustActive----->testScript execution successfull]]>
  </system-out>
</testsuite> <!-- view_Active_customer_package.ViewActiveCustomerPom -->
