<?xml version="1.0" encoding="UTF-8"?>
<!-- Generated by org.testng.reporters.JUnitReportReporter -->
<testsuite hostname="rajhansji" failures="0" tests="3" name="com.practice.ReadMultipleDataSetfromExcel" time="0.008" errors="0" timestamp="2023-03-24T10:55:09 IST" skipped="0">
  <testcase classname="com.practice.ReadMultipleDataSetfromExcel" name="testData" time="0.001"/>
  <system-out/>
  <testcase classname="com.practice.ReadMultipleDataSetfromExcel" name="testData" time="0.006"/>
  <system-out/>
  <testcase classname="com.practice.ReadMultipleDataSetfromExcel" name="testData" time="0.001"/>
  <system-out/>
</testsuite> <!-- com.practice.ReadMultipleDataSetfromExcel -->
