<?xml version="1.0" encoding="UTF-8"?>
<!-- Generated by org.testng.reporters.JUnitReportReporter -->
<testsuite hostname="rajhansji" failures="0" tests="3" name="com.practice.TestDemo1" time="0.014" errors="0" timestamp="2023-03-23T16:09:12 IST" skipped="0">
  <testcase classname="com.practice.TestDemo1" name="edit" time="0.006"/>
  <system-out>
    <![CDATA[  edit]]>
  </system-out>
  <testcase classname="com.practice.TestDemo1" name="delete" time="0.003"/>
  <system-out>
    <![CDATA[  delete]]>
  </system-out>
  <testcase classname="com.practice.TestDemo1" name="create" time="0.005"/>
  <system-out>
    <![CDATA[  create]]>
  </system-out>
</testsuite> <!-- com.practice.TestDemo1 -->
