<?xml version="1.0" encoding="UTF-8"?>
<!-- Generated by org.testng.reporters.JUnitReportReporter -->
<testsuite hostname="rajhansji" failures="0" tests="1" name="Credit_Customer_package.CreditcustomerPom" time="1.995" errors="0" timestamp="2023-04-03T10:00:10 IST" skipped="0">
  <testcase classname="Credit_Customer_package.CreditcustomerPom" name="creditCustomer" time="1.995"/>
  <system-out>
    <![CDATA[creditCustomer------>testscript excution started
creditCustomer----->testScript execution successfull]]>
  </system-out>
</testsuite> <!-- Credit_Customer_package.CreditcustomerPom -->
