<?xml version="1.0" encoding="UTF-8"?>
<!-- Generated by org.testng.reporters.JUnitReportReporter -->
<testsuite hostname="rajhansji" failures="0" tests="3" name="com.practice.DataProExecute" time="0.009" errors="0" timestamp="2023-03-24T09:48:15 IST" skipped="0">
  <testcase classname="com.practice.DataProExecute" name="getData" time="0.002"/>
  <system-out/>
  <testcase classname="com.practice.DataProExecute" name="getData" time="0.006"/>
  <system-out/>
  <testcase classname="com.practice.DataProExecute" name="getData" time="0.001"/>
  <system-out/>
</testsuite> <!-- com.practice.DataProExecute -->
