<?xml version="1.0" encoding="UTF-8"?>
<!-- Generated by org.testng.reporters.JUnitReportReporter -->
<testsuite hostname="rajhansji" failures="0" tests="1" name="Fund_Transfer_Package.FundTransferPom" time="4.206" errors="0" timestamp="2023-03-31T16:10:09 IST" skipped="0">
  <testcase classname="Fund_Transfer_Package.FundTransferPom" name="fundTransfer" time="4.206"/>
  <system-out>
    <![CDATA[fundTransfer------>testscript excution started
fundTransfer----->testScript execution successfull]]>
  </system-out>
</testsuite> <!-- Fund_Transfer_Package.FundTransferPom -->
