<?xml version="1.0" encoding="UTF-8"?>
<!-- Generated by org.testng.reporters.JUnitReportReporter -->
<testsuite hostname="rajhansji" failures="0" tests="1" name="Apply_Debit_Card__package.ApplydebitcardPom" time="0.953" errors="0" timestamp="2023-03-31T16:10:09 IST" skipped="0">
  <testcase classname="Apply_Debit_Card__package.ApplydebitcardPom" name="applyDebit" time="0.953"/>
  <system-out>
    <![CDATA[applyDebit------>testscript excution started
applyDebit----->testScript execution successfull]]>
  </system-out>
</testsuite> <!-- Apply_Debit_Card__package.ApplydebitcardPom -->
