<?xml version="1.0" encoding="UTF-8"?>
<!-- Generated by org.testng.reporters.JUnitReportReporter -->
<testsuite hostname="rajhansji" failures="0" tests="4" name="com.practice.TC_04" time="0.003" errors="0" timestamp="2023-03-27T15:52:16 IST" skipped="0">
  <testcase classname="com.practice.TC_04" name="script8" time="0.000"/>
  <system-out>
    <![CDATA[---Script8]]>
  </system-out>
  <testcase classname="com.practice.TC_04" name="script8" time="0.001"/>
  <system-out>
    <![CDATA[---Script8]]>
  </system-out>
  <testcase classname="com.practice.TC_04" name="script7" time="0.001"/>
  <system-out>
    <![CDATA[---Script7]]>
  </system-out>
  <testcase classname="com.practice.TC_04" name="script7" time="0.001"/>
  <system-out>
    <![CDATA[---Script7]]>
  </system-out>
</testsuite> <!-- com.practice.TC_04 -->
