<?xml version="1.0" encoding="UTF-8"?>
<!-- Generated by org.testng.reporters.JUnitReportReporter -->
<testsuite hostname="Rajhans" failures="0" tests="1" name="com.practice.LaunchBrowser" time="5.461" errors="0" timestamp="2023-11-12T07:38:59 IST" skipped="0">
  <testcase classname="com.practice.LaunchBrowser" name="test" time="5.461"/>
  <system-out/>
</testsuite> <!-- com.practice.LaunchBrowser -->
