<?xml version="1.0" encoding="UTF-8"?>
<!-- Generated by org.testng.reporters.JUnitReportReporter -->
<testsuite hostname="rajhansji" failures="0" tests="4" name="com.practice.TC_03" time="0.005" errors="0" timestamp="2023-03-27T15:52:16 IST" skipped="0">
  <testcase classname="com.practice.TC_03" name="script5" time="0.001"/>
  <system-out>
    <![CDATA[---Script5]]>
  </system-out>
  <testcase classname="com.practice.TC_03" name="script5" time="0.001"/>
  <system-out>
    <![CDATA[---Script5]]>
  </system-out>
  <testcase classname="com.practice.TC_03" name="script6" time="0.001"/>
  <system-out>
    <![CDATA[---Script6]]>
  </system-out>
  <testcase classname="com.practice.TC_03" name="script6" time="0.002"/>
  <system-out>
    <![CDATA[---Script6]]>
  </system-out>
</testsuite> <!-- com.practice.TC_03 -->
