<?xml version="1.0" encoding="UTF-8"?>
<!-- Generated by org.testng.reporters.JUnitReportReporter -->
<testsuite hostname="rajhansji" failures="0" tests="1" name="Open_Account_Packages.AccountOpeningPom" time="6.835" errors="0" timestamp="2023-03-31T16:10:09 IST" skipped="0">
  <testcase classname="Open_Account_Packages.AccountOpeningPom" name="AccountOpen" time="6.835"/>
  <system-out>
    <![CDATA[AccountOpen------>testscript excution started
AccountOpen----->testScript execution successfull]]>
  </system-out>
</testsuite> <!-- Open_Account_Packages.AccountOpeningPom -->
