<?xml version="1.0" encoding="UTF-8"?>
<!-- Generated by org.testng.reporters.JUnitReportReporter -->
<testsuite hostname="rajhansji" failures="0" tests="2" name="com.practice.TC_02" time="0.004" errors="0" timestamp="2023-03-29T10:29:42 IST" skipped="0">
  <testcase classname="com.practice.TC_02" name="script4" time="0.003"/>
  <system-out>
    <![CDATA[---Script4]]>
  </system-out>
  <testcase classname="com.practice.TC_02" name="script3" time="0.001"/>
  <system-out>
    <![CDATA[---Script3]]>
  </system-out>
</testsuite> <!-- com.practice.TC_02 -->
