<?xml version="1.0" encoding="UTF-8"?>
<!-- Generated by org.testng.reporters.JUnitReportReporter -->
<testsuite hostname="Rajhans" failures="0" tests="1" name="com.practice.IframeShadow" time="9.139" errors="0" timestamp="2023-11-12T07:45:05 IST" skipped="0">
  <testcase classname="com.practice.IframeShadow" name="test" time="9.139"/>
  <system-out/>
</testsuite> <!-- com.practice.IframeShadow -->
