<?xml version="1.0" encoding="UTF-8"?>
<!-- Generated by org.testng.reporters.JUnitReportReporter -->
<testsuite hostname="rajhansji" failures="0" tests="3" name="com.practice.DataproviderTest" time="0.013" errors="0" timestamp="2023-03-23T16:27:11 IST" skipped="0">
  <testcase classname="com.practice.DataproviderTest" name="demodataprovider" time="0.005"/>
  <system-out/>
  <testcase classname="com.practice.DataproviderTest" name="demodataprovider" time="0.007"/>
  <system-out/>
  <testcase classname="com.practice.DataproviderTest" name="demodataprovider" time="0.001"/>
  <system-out/>
</testsuite> <!-- com.practice.DataproviderTest -->
